#
# A fatal error has been detected by the Java Runtime Environment:
#
#  Internal Error (javaClasses.cpp:129), pid=8068, tid=5480
#  fatal error: Invalid layout of preloaded class
#
# JRE version: 7.0_10-b18
# Java VM: Java HotSpot(TM) 64-Bit Server VM (23.6-b04 mixed mode windows-amd64 compressed oops)
# Failed to write core dump. Minidumps are not enabled by default on client versions of Windows
#
# If you would like to submit a bug report, please visit:
#   http://bugreport.sun.com/bugreport/crash.jsp
#

---------------  T H R E A D  ---------------

Current thread (0x0000000001d80800):  JavaThread "Unknown thread" [_thread_in_vm, id=5480, stack(0x0000000001c40000,0x0000000001d40000)]

Stack: [0x0000000001c40000,0x0000000001d40000]

---------------  P R O C E S S  ---------------

Java Threads: ( => current thread )

Other Threads:

=>0x0000000001d80800 (exited) JavaThread "Unknown thread" [_thread_in_vm, id=5480, stack(0x0000000001c40000,0x0000000001d40000)]

VM state:not at safepoint (not fully initialized)

VM Mutex/Monitor currently owned by a thread: None

GC Heap History (0 events):
No events

Deoptimization events (0 events):
No events

Internal exceptions (0 events):
No events

Events (10 events):
Event: 0.044 loading class 0x0000000001dd2ab0 done
Event: 0.044 loading class 0x0000000001d95eb0 done
Event: 0.044 loading class 0x0000000001d961b0
Event: 0.044 loading class 0x000000000b02e7a0
Event: 0.044 loading class 0x000000000b02e7a0 done
Event: 0.044 loading class 0x000000000b02e4a0
Event: 0.044 loading class 0x000000000b02e4a0 done
Event: 0.044 loading class 0x000000000b02f1e0
Event: 0.044 loading class 0x000000000b02f1e0 done
Event: 0.044 loading class 0x0000000001d961b0 done


Dynamic libraries:
0x00007ff653160000 - 0x00007ff653193000 	C:\Program Files\Java\eclipse\jre\bin\javaw.exe
0x00007ffd55dd0000 - 0x00007ffd55f79000 	C:\WINDOWS\SYSTEM32\ntdll.dll
0x00007ffd551d0000 - 0x00007ffd55309000 	C:\WINDOWS\system32\KERNEL32.DLL
0x00007ffd53500000 - 0x00007ffd5360e000 	C:\WINDOWS\system32\KERNELBASE.dll
0x00007ffd51d50000 - 0x00007ffd51ddb000 	C:\WINDOWS\system32\apphelp.dll
0x00007ffd44dd0000 - 0x00007ffd44e1f000 	C:\WINDOWS\AppPatch\AppPatch64\AcGenral.DLL
0x00007ffd553d0000 - 0x00007ffd55477000 	C:\WINDOWS\system32\msvcrt.dll
0x00007ffd52f30000 - 0x00007ffd52f5b000 	C:\WINDOWS\SYSTEM32\SspiCli.dll
0x00007ffd55530000 - 0x00007ffd55581000 	C:\WINDOWS\system32\SHLWAPI.dll
0x00007ffd55c50000 - 0x00007ffd55dc1000 	C:\WINDOWS\system32\USER32.dll
0x00007ffd53960000 - 0x00007ffd53ad6000 	C:\WINDOWS\system32\ole32.dll
0x00007ffd53c20000 - 0x00007ffd5502f000 	C:\WINDOWS\system32\SHELL32.dll
0x00007ffd52760000 - 0x00007ffd5277f000 	C:\WINDOWS\SYSTEM32\USERENV.dll
0x00007ffd55820000 - 0x00007ffd558c5000 	C:\WINDOWS\system32\ADVAPI32.dll
0x00007ffd46b60000 - 0x00007ffd46b7b000 	C:\WINDOWS\SYSTEM32\MPR.dll
0x00007ffd53ae0000 - 0x00007ffd53c16000 	C:\WINDOWS\system32\RPCRT4.dll
0x00007ffd557c0000 - 0x00007ffd55817000 	C:\WINDOWS\SYSTEM32\sechost.dll
0x00007ffd558d0000 - 0x00007ffd55aa7000 	C:\WINDOWS\SYSTEM32\combase.dll
0x00007ffd55590000 - 0x00007ffd556d5000 	C:\WINDOWS\system32\GDI32.dll
0x00007ffd53150000 - 0x00007ffd53164000 	C:\WINDOWS\SYSTEM32\profapi.dll
0x00007ffd515b0000 - 0x00007ffd51651000 	C:\WINDOWS\SYSTEM32\SHCORE.dll
0x00007ffd554e0000 - 0x00007ffd55514000 	C:\WINDOWS\system32\IMM32.DLL
0x00007ffd55ab0000 - 0x00007ffd55be8000 	C:\WINDOWS\system32\MSCTF.dll
0x00007ffd50f50000 - 0x00007ffd511aa000 	C:\WINDOWS\WinSxS\amd64_microsoft.windows.common-controls_6595b64144ccf1df_6.0.9600.16384_none_62475f7becb72503\COMCTL32.dll
0x0000000058520000 - 0x00000000585f1000 	C:\Program Files\Java\eclipse\jre\bin\msvcr100.dll
0x0000000057e00000 - 0x000000005851f000 	C:\Program Files\Java\eclipse\jre\bin\server\jvm.dll
0x00007ffd4a180000 - 0x00007ffd4a189000 	C:\WINDOWS\SYSTEM32\WSOCK32.dll
0x00007ffd4bd30000 - 0x00007ffd4bd4f000 	C:\WINDOWS\SYSTEM32\WINMM.dll
0x00007ffd556f0000 - 0x00007ffd556f7000 	C:\WINDOWS\system32\PSAPI.DLL
0x00007ffd55bf0000 - 0x00007ffd55c48000 	C:\WINDOWS\system32\WS2_32.dll
0x00007ffd4bd00000 - 0x00007ffd4bd2a000 	C:\WINDOWS\SYSTEM32\WINMMBASE.dll
0x00007ffd556e0000 - 0x00007ffd556e9000 	C:\WINDOWS\system32\NSI.dll
0x00007ffd53610000 - 0x00007ffd5365a000 	C:\WINDOWS\SYSTEM32\cfgmgr32.dll
0x00007ffd51fa0000 - 0x00007ffd51fc6000 	C:\WINDOWS\SYSTEM32\DEVOBJ.dll
0x0000000059b00000 - 0x0000000059b0f000 	C:\Program Files\Java\eclipse\jre\bin\verify.dll
0x0000000058900000 - 0x0000000058928000 	C:\Program Files\Java\eclipse\jre\bin\java.dll
0x00000000588e0000 - 0x00000000588f5000 	C:\Program Files\Java\eclipse\jre\bin\zip.dll

VM Arguments:
jvm_args: -Dfile.encoding=Cp1252 -Xbootclasspath:D:\Kenneth\InterIITTech\adt-bundle-windows-x86_64-20131030\sdk\platforms\android-19\android.jar 
java_command: com.example.testaccel.Send
Launcher Type: SUN_STANDARD

Environment Variables:
JAVA_HOME=C:\Program Files\Java\jdk1.7.0_10
PATH=C:\Program Files (x86)\AMD APP\bin\x86_64;C:\Program Files (x86)\AMD APP\bin\x86;C:\Program Files (x86)\NVIDIA Corporation\PhysX\Common;C:\WinAVR-20100110\bin;C:\WinAVR-20100110\utils\bin;C:\Program Files (x86)\Intel\iCLS Client\;C:\Program Files\Intel\iCLS Client\;C:\WINDOWS\system32;C:\WINDOWS;C:\WINDOWS\System32\Wbem;C:\WINDOWS\System32\WindowsPowerShell\v1.0\;C:\Program Files\Intel\Intel(R) Management Engine Components\DAL;C:\Program Files\Intel\Intel(R) Management Engine Components\IPT;C:\Program Files (x86)\Intel\Intel(R) Management Engine Components\DAL;C:\Program Files (x86)\Intel\Intel(R) Management Engine Components\IPT;C:\Program Files\Intel\WiFi\bin\;C:\Program Files\Common Files\Intel\WirelessCommon\;C:\Program Files (x86)\ATI Technologies\ATI.ACE\Core-Static;C:\Program Files (x86)\Bitvise SSH Client;C:\Program Files\Java\jdk1.7.0_02\bin;C:\Program Files\MATLAB\R2011a\runtime\win64;C:\Program Files\MATLAB\R2011a\bin;C:\Program Files\SourceGear\Common\DiffMerge\;D:\Kenneth\InterIITTech\adt-bundle-windows-x86_64-20131030\sdk\;C:\Program Files\Intel\WiFi\bin\;C:\Program Files\Common Files\Intel\WirelessCommon\
USERNAME=Kenneth Roy
OS=Windows_NT
PROCESSOR_IDENTIFIER=Intel64 Family 6 Model 58 Stepping 9, GenuineIntel



---------------  S Y S T E M  ---------------

OS: Windows 8 , 64 bit Build 9200 

CPU:total 8 (4 cores per cpu, 2 threads per core) family 6 model 58 stepping 9, cmov, cx8, fxsr, mmx, sse, sse2, sse3, ssse3, sse4.1, sse4.2, popcnt, avx, ht, tsc, tscinvbit, tscinv

Memory: 4k page, physical 8260968k(3405780k free), swap 16649576k(8790768k free)

vm_info: Java HotSpot(TM) 64-Bit Server VM (23.6-b04) for windows-amd64 JRE (1.7.0_10-b18), built on Nov 28 2012 05:00:40 by "java_re" with unknown MS VC++:1600

time: Sat Jan 04 05:25:56 2014
elapsed time: 0 seconds

